87.8227
Tempo totale E-step: 75.8377 secondi.
Tempo totale M-step: 6.59131 secondi.
Risultati finali:
Cluster 1:
Mean:
  2.21889
 -7.15796
 -4.11812
 -2.64449
-0.873749
  5.65253
 -5.96373
 0.284064
  1.83071
 -8.97816
Covariance:
     0.25569  -0.00750951  -0.00376964  -0.00192321   0.00243567   0.00490266  -0.00114057 -0.000743143   0.00134547   -0.0038144
 -0.00751469     0.264684   0.00894925   0.00186732  -0.00308168   -0.0112251   0.00254063   0.00137067  -0.00220272    0.0100474
 -0.00370831   0.00894438     0.257775  -0.00129856  -0.00372807  -0.00667362  0.000137422   0.00220212  -0.00186604   0.00521463
 -0.00186372    0.0018017   -0.0013097     0.257292   0.00317702  -0.00146278  0.000773246  -0.00174507  0.000680634   0.00649877
  0.00242027  -0.00310002    -0.003775    0.0032537     0.255073   0.00316515  0.000611934   -0.0029491  0.000979115   0.00150944
  0.00488854   -0.0111908  -0.00668321  -0.00142987   0.00313742     0.259614  -0.00199428  -0.00227548  0.000534276  -0.00912014
 -0.00115258   0.00251763  0.000139003  0.000787109  0.000523501  -0.00198167     0.254083 -0.000137892  -0.00108099   0.00344062
 -0.00075478   0.00134442   0.00220381  -0.00178872  -0.00293765  -0.00233766 -0.000157939     0.254991  0.000148047 -0.000954309
  0.00131966  -0.00221834  -0.00186804  0.000731572   0.00101628  0.000506683  -0.00110243  0.000105903     0.252922   -0.0015231
 -0.00381017    0.0100325   0.00514023   0.00667919   0.00158711  -0.00911316   0.00345182  -0.00101177  -0.00149546     0.265688
Weight: 0.198838

Cluster 2:
Mean:
  -7.4971
-0.097538
   -9.211
  8.09718
 -4.75049
  3.19891
 -3.71232
 0.396388
 0.921187
 -6.20961
Covariance:
    0.260015  -0.00160202   0.00737983  -0.00659812   0.00842427  -0.00147239   0.00360949  -0.00273407  0.000587742     0.008137
 -0.00159044     0.255855   0.00602422   -0.0036481  -0.00443199  -0.00483702 -0.000369162   0.00295768 -0.000250306   0.00159671
  0.00738689   0.00603303     0.270694    -0.016796   0.00666262   -0.0112959   0.00460523  0.000736432  -0.00156795    0.0130437
 -0.00653022  -0.00362141   -0.0168626     0.265034  -0.00574461   0.00833039  -0.00414536  -0.00130528   0.00199379  -0.00993818
  0.00841897  -0.00442071   0.00664442  -0.00573437      0.26295 -0.000996949   0.00420373   -0.0055207  0.000535746   0.00905645
 -0.00147647  -0.00482866   -0.0112847   0.00831194  -0.00101935     0.258454   -0.0027483  -0.00212901  0.000428351  -0.00570575
  0.00369068 -0.000290215   0.00460517  -0.00417116   0.00415267   -0.0027902     0.254404  -0.00177652  -0.00152151   0.00407606
 -0.00266956   0.00302024  0.000709082  -0.00129963  -0.00554108  -0.00211435  -0.00179134     0.255316  -0.00159153  -0.00167614
 0.000542353 -0.000269087  -0.00158108   0.00197296  0.000543054  0.000477462   -0.0014827  -0.00162409     0.251961  -0.00225854
  0.00820163   0.00164066    0.0129679  -0.00994348   0.00902889  -0.00567286   0.00410228  -0.00165859  -0.00225436     0.262741
Weight: 0.198457

Cluster 3:
Mean:
0.165244
-3.87201
-6.04105
 6.45104
 6.66696
 4.04497
-3.90168
-6.58166
 2.72609
-1.79907
Covariance:
   19.8781   -26.5803   -25.5669     24.664    26.5076    21.0769 -0.0996854   -14.5604    8.33274    4.79688
   -26.553    36.2261    34.5634   -33.3484   -35.8378   -28.4973   0.138281     19.671   -11.2667   -6.48716
  -25.5333    34.5387     33.447   -32.0742   -34.4592    -27.397   0.132959    18.9174   -10.8256   -6.22804
    24.643   -33.3406    -32.045    31.2191    33.2897    26.4675  -0.125911   -18.2701    10.4603    6.01922
   26.5005   -35.8154   -34.4373    33.2837    36.0524    28.4151  -0.135919   -19.6182    11.2488    6.48125
   21.0582   -28.4621   -27.3649    26.4486    28.4374    22.8342  -0.108797   -15.5919    8.93579    5.14406
-0.0995775   0.137917   0.132928  -0.125921  -0.135822  -0.108711   0.253359  0.0766975 -0.0463682 -0.0261807
  -14.5318     19.649    18.8917   -18.2592   -19.5979    -15.589  0.0765636    11.0241   -6.16712   -3.56039
   8.32075   -11.2559   -10.8183    10.4475    11.2344    8.92549 -0.0463797   -6.16578    3.77101     2.0212
   4.78725    -6.4775   -6.22193    6.00993    6.47405    5.13938 -0.0262572   -3.55796    2.01979    1.41071
Weight: 0.103317

Cluster 4:
Mean:
 1.52337
 -5.7473
-7.90862
 8.18868
 8.38263
 5.45398
-3.85426
  -7.506
 3.47265
-1.25449
Covariance:
     7.1771    -9.37831    -9.04475      8.7035     9.26937     7.39012  0.00123861    -5.06147     3.07626     1.81771
   -9.36674     12.9397     12.2596    -11.7953    -12.5632    -10.0201  -0.0018433     6.87271    -4.16529    -2.45424
   -9.02685     12.2524     12.0737    -11.3849    -12.1002    -9.66169 0.000991255     6.62914    -4.01148    -2.36515
    8.68523     -11.787    -11.3705      11.204      11.619     9.27552  0.00112994    -6.36857     3.85852     2.27633
     9.2508    -12.5312    -12.1033     11.6138     12.5971     9.86496  0.00360176    -6.77021     4.11026     2.43122
    7.38199    -10.0035    -9.66039     9.26779      9.8598     8.12887  0.00289922    -5.39922      3.2789     1.93635
 0.00118254 -0.00186288 0.000871294  0.00115444  0.00360915   0.0029203    0.252102 -0.00309586 -0.00409827 -0.00474313
   -5.04841     6.86804     6.61717    -6.36635    -6.76708     -5.4006 -0.00307513     3.95661    -2.25358    -1.33184
    3.06863     -4.1539    -4.00442     3.85437      4.1084     3.27676 -0.00414243    -2.25319     1.60855    0.795699
    1.81441    -2.44913    -2.36086     2.27383     2.42997     1.93495 -0.00475183    -1.33086    0.795876    0.718699
Weight: 0.117189

Cluster 5:
Mean:
-5.82397
  9.2018
 5.57757
-1.64179
-6.62421
-6.61169
-6.53136
 4.11834
0.440196
0.259134
Covariance:
  12.8052 -0.703755  -3.57755   13.7187   -0.9381 -0.986371  -8.73843    12.158   6.00337   14.8291
-0.702908  0.291525  0.202399 -0.769679 0.0502966  0.051253  0.489358 -0.677813 -0.335946 -0.828133
 -3.57427  0.202399   1.27364  -3.90397  0.265131  0.277677   2.48875  -3.46084  -1.71013  -4.21757
  13.6903 -0.768768  -3.90481   15.1994  -1.02374  -1.07516  -9.53525   13.2602   6.54721   16.1634
-0.937306 0.0502959  0.265066  -1.02343  0.323002 0.0744649  0.652398 -0.908021 -0.448403  -1.10709
-0.984561 0.0512034  0.277547  -1.07482 0.0744289  0.332855    0.6858 -0.954648 -0.470644    -1.164
 -8.73089  0.489095   2.48497  -9.52401  0.652224   0.68583   6.32579  -8.44647  -4.17047  -10.2988
   12.143 -0.677006  -3.45606   13.2459  -0.90753 -0.954412  -8.44753   12.0003   5.80065   14.3255
  5.99262 -0.335697  -1.70798   6.54032 -0.448096 -0.470556  -4.16937   5.80197   3.11578    7.0713
  14.7942 -0.827182  -4.21252    16.147   -1.1063  -1.16371  -10.2944   14.3267    7.0706   17.7125
Weight: 0.372231

